data/original/sbc
├── meta-data
│   ├── metadata1.csv
│   ├── metadata2.csv
│   ├── metadata3.csv
│   └── metadata4.csv
└── transcriptions
    ├── SBC001.trn
    ├── SBC002.trn
    ├── SBC003.trn
    ├── SBC004.trn
    ├── SBC005.trn
    ├── SBC006.trn
    ├── SBC007.trn
    ├── SBC008.trn
    ├── SBC009.trn
    ├── SBC010.trn
    ├── SBC011.trn
    ├── SBC012.trn
    ├── SBC013.trn
    ├── SBC014.trn
    ├── SBC015.trn
    ├── SBC016.trn
    ├── SBC017.trn
    ├── SBC018.trn
    ├── SBC019.trn
    ├── SBC020.trn
    ├── SBC021.trn
    ├── SBC022.trn
    ├── SBC023.trn
    ├── SBC024.trn
    ├── SBC025.trn
    ├── SBC026.trn
    ├── SBC027.trn
    ├── SBC028.trn
    ├── SBC029.trn
    ├── SBC030.trn
    ├── SBC031.trn
    ├── SBC032.trn
    ├── SBC033.trn
    ├── SBC034.trn
    ├── SBC035.trn
    ├── SBC036.trn
    ├── SBC037.trn
    ├── SBC038.trn
    ├── SBC039.trn
    ├── SBC040.trn
    ├── SBC041.trn
    ├── SBC042.trn
    ├── SBC043.trn
    ├── SBC044.trn
    ├── SBC045.trn
    ├── SBC046.trn
    ├── SBC047.trn
    ├── SBC048.trn
    ├── SBC049.trn
    ├── SBC050.trn
    ├── SBC051.trn
    ├── SBC052.trn
    ├── SBC053.trn
    ├── SBC054.trn
    ├── SBC055.trn
    ├── SBC056.trn
    ├── SBC057.trn
    ├── SBC058.trn
    ├── SBC059.trn
    └── SBC060.trn

2 directories, 64 files
